<?xml version="1.0" encoding="UTF-8"?>
<testsuite name="medCashFlow.backend.BackendApplicationTests" tests="1" skipped="0" failures="0" errors="0" timestamp="2024-08-07T18:00:53" hostname="Fernandos-MacBook-Pro.local" time="0.494">
  <properties/>
  <testcase name="shouldReturnAPageOfClinics()" classname="medCashFlow.backend.BackendApplicationTests" time="0.494"/>
  <system-out><![CDATA[15:00:51.033 [Test worker] INFO org.springframework.test.context.support.AnnotationConfigContextLoaderUtils -- Could not detect default configuration classes for test class [medCashFlow.backend.BackendApplicationTests]: BackendApplicationTests does not declare any static, non-private, non-final, nested classes annotated with @Configuration.
15:00:51.081 [Test worker] INFO org.springframework.boot.test.context.SpringBootTestContextBootstrapper -- Found @SpringBootConfiguration medCashFlow.backend.BackendApplication for test class medCashFlow.backend.BackendApplicationTests

  .   ____          _            __ _ _
 /\\ / ___'_ __ _ _(_)_ __  __ _ \ \ \ \
( ( )\___ | '_ | '_| | '_ \/ _` | \ \ \ \
 \\/  ___)| |_)| | | | | || (_| |  ) ) ) )
  '  |____| .__|_| |_|_| |_\__, | / / / /
 =========|_|==============|___/=/_/_/_/

 :: Spring Boot ::                (v3.3.2)

2024-08-07T15:00:51.260-03:00  INFO 18536 --- [backend] [    Test worker] m.backend.BackendApplicationTests        : Starting BackendApplicationTests using Java 17.0.11 with PID 18536 (started by ferjunior7 in /Users/ferjunior7/Projects/medCashFlow-back)
2024-08-07T15:00:51.261-03:00  INFO 18536 --- [backend] [    Test worker] m.backend.BackendApplicationTests        : The following 1 profile is active: "test"
2024-08-07T15:00:51.568-03:00  INFO 18536 --- [backend] [    Test worker] .s.d.r.c.RepositoryConfigurationDelegate : Bootstrapping Spring Data JPA repositories in DEFAULT mode.
2024-08-07T15:00:51.598-03:00  INFO 18536 --- [backend] [    Test worker] .s.d.r.c.RepositoryConfigurationDelegate : Finished Spring Data repository scanning in 26 ms. Found 1 JPA repository interface.
2024-08-07T15:00:51.840-03:00  INFO 18536 --- [backend] [    Test worker] o.s.b.w.embedded.tomcat.TomcatWebServer  : Tomcat initialized with port 0 (http)
2024-08-07T15:00:51.847-03:00  INFO 18536 --- [backend] [    Test worker] o.apache.catalina.core.StandardService   : Starting service [Tomcat]
2024-08-07T15:00:51.847-03:00  INFO 18536 --- [backend] [    Test worker] o.apache.catalina.core.StandardEngine    : Starting Servlet engine: [Apache Tomcat/10.1.26]
2024-08-07T15:00:51.882-03:00  INFO 18536 --- [backend] [    Test worker] o.a.c.c.C.[Tomcat].[localhost].[/]       : Initializing Spring embedded WebApplicationContext
2024-08-07T15:00:51.883-03:00  INFO 18536 --- [backend] [    Test worker] w.s.c.ServletWebServerApplicationContext : Root WebApplicationContext: initialization completed in 612 ms
2024-08-07T15:00:52.010-03:00  INFO 18536 --- [backend] [    Test worker] com.zaxxer.hikari.HikariDataSource       : HikariPool-1 - Starting...
2024-08-07T15:00:52.079-03:00  INFO 18536 --- [backend] [    Test worker] com.zaxxer.hikari.pool.HikariPool        : HikariPool-1 - Added connection org.postgresql.jdbc.PgConnection@1cba0321
2024-08-07T15:00:52.080-03:00  INFO 18536 --- [backend] [    Test worker] com.zaxxer.hikari.HikariDataSource       : HikariPool-1 - Start completed.
2024-08-07T15:00:52.096-03:00  INFO 18536 --- [backend] [    Test worker] org.flywaydb.core.FlywayExecutor         : Database: jdbc:postgresql://localhost:5432/medcashflow_testdb (PostgreSQL 16.3)
2024-08-07T15:00:52.118-03:00  INFO 18536 --- [backend] [    Test worker] o.f.core.internal.command.DbValidate     : Successfully validated 1 migration (execution time 00:00.013s)
2024-08-07T15:00:52.149-03:00  INFO 18536 --- [backend] [    Test worker] o.f.core.internal.command.DbMigrate      : Current version of schema "public": 1
2024-08-07T15:00:52.151-03:00  INFO 18536 --- [backend] [    Test worker] o.f.core.internal.command.DbMigrate      : Schema "public" is up to date. No migration necessary.
2024-08-07T15:00:52.194-03:00  INFO 18536 --- [backend] [    Test worker] o.hibernate.jpa.internal.util.LogHelper  : HHH000204: Processing PersistenceUnitInfo [name: default]
2024-08-07T15:00:52.220-03:00  INFO 18536 --- [backend] [    Test worker] org.hibernate.Version                    : HHH000412: Hibernate ORM core version 6.5.2.Final
2024-08-07T15:00:52.235-03:00  INFO 18536 --- [backend] [    Test worker] o.h.c.internal.RegionFactoryInitiator    : HHH000026: Second-level cache disabled
2024-08-07T15:00:52.364-03:00  INFO 18536 --- [backend] [    Test worker] o.s.o.j.p.SpringPersistenceUnitInfo      : No LoadTimeWeaver setup: ignoring JPA class transformer
2024-08-07T15:00:52.388-03:00  WARN 18536 --- [backend] [    Test worker] org.hibernate.orm.deprecation            : HHH90000025: PostgreSQLDialect does not need to be specified explicitly using 'hibernate.dialect' (remove the property setting and it will be selected by default)
2024-08-07T15:00:52.756-03:00  INFO 18536 --- [backend] [    Test worker] o.h.e.t.j.p.i.JtaPlatformInitiator       : HHH000489: No JTA platform available (set 'hibernate.transaction.jta.platform' to enable JTA platform integration)
2024-08-07T15:00:52.778-03:00  INFO 18536 --- [backend] [    Test worker] j.LocalContainerEntityManagerFactoryBean : Initialized JPA EntityManagerFactory for persistence unit 'default'
2024-08-07T15:00:52.924-03:00  WARN 18536 --- [backend] [    Test worker] JpaBaseConfiguration$JpaWebConfiguration : spring.jpa.open-in-view is enabled by default. Therefore, database queries may be performed during view rendering. Explicitly configure spring.jpa.open-in-view to disable this warning
2024-08-07T15:00:53.107-03:00  INFO 18536 --- [backend] [    Test worker] o.s.b.w.embedded.tomcat.TomcatWebServer  : Tomcat started on port 50915 (http) with context path '/'
2024-08-07T15:00:53.113-03:00  INFO 18536 --- [backend] [    Test worker] m.backend.BackendApplicationTests        : Started BackendApplicationTests in 1.971 seconds (process running for 2.471)
2024-08-07T15:00:53.457-03:00  INFO 18536 --- [backend] [o-auto-1-exec-1] o.a.c.c.C.[Tomcat].[localhost].[/]       : Initializing Spring DispatcherServlet 'dispatcherServlet'
2024-08-07T15:00:53.457-03:00  INFO 18536 --- [backend] [o-auto-1-exec-1] o.s.web.servlet.DispatcherServlet        : Initializing Servlet 'dispatcherServlet'
2024-08-07T15:00:53.458-03:00  INFO 18536 --- [backend] [o-auto-1-exec-1] o.s.web.servlet.DispatcherServlet        : Completed initialization in 1 ms
Hibernate: select c1_0.id,c1_0.active,c1_0.cnpj,c1_0.name,c1_0.phone from clinics c1_0 where c1_0.active fetch first ? rows only
Hibernate: select count(c1_0.id) from clinics c1_0 where c1_0.active
2024-08-07T15:00:53.559-03:00  WARN 18536 --- [backend] [o-auto-1-exec-1] PageModule$PlainPageSerializationWarning : Serializing PageImpl instances as-is is not supported, meaning that there is no guarantee about the stability of the resulting JSON structure!
	For a stable JSON structure, please use Spring Data's PagedModel (globally via @EnableSpringDataWebSupport(pageSerializationMode = VIA_DTO))
	or Spring HATEOAS and Spring Data's PagedResourcesAssembler as documented in https://docs.spring.io/spring-data/commons/reference/repositories/core-extensions.html#core.web.pageables.

]]></system-out>
  <system-err><![CDATA[]]></system-err>
</testsuite>
